app/manifest-merger-release-report.txt
-- Merging decision tree log ---
manifest
ADDED from AndroidManifest.xml:2:1
	package
		ADDED from AndroidManifest.xml:3:5
		INJECTED from AndroidManifest.xml:0:0
		INJECTED from AndroidManifest.xml:0:0
	android:versionName
		INJECTED from AndroidManifest.xml:0:0
		INJECTED from AndroidManifest.xml:0:0
	xmlns:android
		ADDED from AndroidManifest.xml:2:11
	android:versionCode
		INJECTED from AndroidManifest.xml:0:0
		INJECTED from AndroidManifest.xml:0:0
	android:installLocation
		ADDED from AndroidManifest.xml:4:5
uses-permission#android.permission.INTERNET
ADDED from AndroidManifest.xml:6:5
MERGED from MySpeedTest:mobilyzer:unspecified:11:5
	android:name
		ADDED from AndroidManifest.xml:6:22
uses-permission#android.permission.ACCESS_NETWORK_STATE
ADDED from AndroidManifest.xml:7:5
MERGED from MySpeedTest:mobilyzer:unspecified:14:5
	android:name
		ADDED from AndroidManifest.xml:7:22
uses-permission#android.permission.WRITE_EXTERNAL_STORAGE
ADDED from AndroidManifest.xml:8:5
MERGED from MySpeedTest:mobilyzer:unspecified:16:5
	android:name
		ADDED from AndroidManifest.xml:8:22
uses-permission#android.permission.RECEIVE_BOOT_COMPLETED
ADDED from AndroidManifest.xml:9:5
	android:name
		ADDED from AndroidManifest.xml:9:22
uses-permission#android.permission.WAKE_LOCK
ADDED from AndroidManifest.xml:10:5
MERGED from MySpeedTest:mobilyzer:unspecified:9:5
	android:name
		ADDED from AndroidManifest.xml:10:22
application
ADDED from AndroidManifest.xml:12:5
MERGED from MySpeedTest:mobilyzer:unspecified:27:5
MERGED from com.android.support:support-v4:21.0.0:16:5
MERGED from com.google.android.gms:play-services:6.1.71:16:5
MERGED from com.android.support:support-v4:21.0.0:16:5
MERGED from com.android.support:appcompat-v7:21.0.0:16:5
MERGED from com.android.support:support-v4:21.0.0:16:5
MERGED from com.android.support:support-v4:21.0.0:16:5
	android:label
		ADDED from AndroidManifest.xml:15:9
	android:allowBackup
		ADDED from AndroidManifest.xml:13:9
	android:icon
		ADDED from AndroidManifest.xml:14:9
	android:theme
		ADDED from AndroidManifest.xml:16:9
activity#com.num.view.activities.TermsAndConditionsActivity
ADDED from AndroidManifest.xml:17:9
	android:screenOrientation
		ADDED from AndroidManifest.xml:20:13
	android:label
		ADDED from AndroidManifest.xml:19:13
	android:name
		ADDED from AndroidManifest.xml:18:13
activity#com.num.view.activities.DataCapActivity
ADDED from AndroidManifest.xml:22:9
	android:screenOrientation
		ADDED from AndroidManifest.xml:25:13
	android:label
		ADDED from AndroidManifest.xml:24:13
	android:name
		ADDED from AndroidManifest.xml:23:13
activity#com.num.view.activities.MainActivity
ADDED from AndroidManifest.xml:27:9
	android:screenOrientation
		ADDED from AndroidManifest.xml:30:13
	android:label
		ADDED from AndroidManifest.xml:29:13
	android:name
		ADDED from AndroidManifest.xml:28:13
intent-filter#android.intent.action.MAIN+android.intent.category.LAUNCHER
ADDED from AndroidManifest.xml:31:13
action#android.intent.action.MAIN
ADDED from AndroidManifest.xml:32:17
	android:name
		ADDED from AndroidManifest.xml:32:25
category#android.intent.category.LAUNCHER
ADDED from AndroidManifest.xml:33:17
	android:name
		ADDED from AndroidManifest.xml:33:27
activity#com.num.view.activities.ThroughputActivity
ADDED from AndroidManifest.xml:36:9
	android:screenOrientation
		ADDED from AndroidManifest.xml:39:13
	android:label
		ADDED from AndroidManifest.xml:38:13
	android:name
		ADDED from AndroidManifest.xml:37:13
activity#com.num.view.activities.ThroughputHistoryActivity
ADDED from AndroidManifest.xml:41:9
	android:screenOrientation
		ADDED from AndroidManifest.xml:44:13
	android:label
		ADDED from AndroidManifest.xml:43:13
	android:name
		ADDED from AndroidManifest.xml:42:13
activity#com.num.view.activities.LatencyActivity
ADDED from AndroidManifest.xml:46:9
	android:screenOrientation
		ADDED from AndroidManifest.xml:49:13
	android:label
		ADDED from AndroidManifest.xml:48:13
	android:name
		ADDED from AndroidManifest.xml:47:13
activity#com.num.view.activities.DataUsageActivity
ADDED from AndroidManifest.xml:51:9
	android:screenOrientation
		ADDED from AndroidManifest.xml:54:13
	android:label
		ADDED from AndroidManifest.xml:53:13
	android:name
		ADDED from AndroidManifest.xml:52:13
activity#com.num.view.activities.TracerouteActivity
ADDED from AndroidManifest.xml:56:9
	android:screenOrientation
		ADDED from AndroidManifest.xml:59:13
	android:label
		ADDED from AndroidManifest.xml:58:13
	android:name
		ADDED from AndroidManifest.xml:57:13
activity#com.num.view.activities.ApplicationDetailActivity
ADDED from AndroidManifest.xml:61:9
	android:screenOrientation
		ADDED from AndroidManifest.xml:64:13
	android:label
		ADDED from AndroidManifest.xml:63:13
	android:name
		ADDED from AndroidManifest.xml:62:13
activity#com.num.view.activities.AboutUsActivity
ADDED from AndroidManifest.xml:66:9
	android:label
		ADDED from AndroidManifest.xml:68:13
	android:name
		ADDED from AndroidManifest.xml:67:13
activity#com.num.view.activities.SettingsActivity
ADDED from AndroidManifest.xml:70:9
	android:label
		ADDED from AndroidManifest.xml:72:13
	android:name
		ADDED from AndroidManifest.xml:71:13
service#com.num.controller.services.BackgroundService
ADDED from AndroidManifest.xml:74:9
	android:enabled
		ADDED from AndroidManifest.xml:76:13
	android:name
		ADDED from AndroidManifest.xml:75:13
receiver#com.num.controller.receivers.BootUpReceiver
ADDED from AndroidManifest.xml:78:9
	android:name
		ADDED from AndroidManifest.xml:78:19
intent-filter#android.intent.action.BOOT_COMPLETED+android.intent.action.QUICKBOOT_POWERON
ADDED from AndroidManifest.xml:79:9
action#android.intent.action.BOOT_COMPLETED
ADDED from AndroidManifest.xml:80:13
	android:name
		ADDED from AndroidManifest.xml:80:21
action#android.intent.action.QUICKBOOT_POWERON
ADDED from AndroidManifest.xml:81:13
	android:name
		ADDED from AndroidManifest.xml:81:21
receiver#com.num.controller.receivers.AlarmReceiver
ADDED from AndroidManifest.xml:84:9
	android:process
		ADDED from AndroidManifest.xml:85:13
	android:name
		ADDED from AndroidManifest.xml:85:39
receiver#com.num.controller.receivers.MonthlyResetAlarmReceiver
ADDED from AndroidManifest.xml:87:9
	android:process
		ADDED from AndroidManifest.xml:88:13
	android:name
		ADDED from AndroidManifest.xml:88:39
service#com.num.controller.services.DataUsageService
ADDED from AndroidManifest.xml:90:9
	android:name
		ADDED from AndroidManifest.xml:91:13
uses-sdk
INJECTED from AndroidManifest.xml:0:0 reason: use-sdk injection requested
MERGED from MySpeedTest:mobilyzer:unspecified:5:5
MERGED from com.android.support:support-v4:21.0.0:15:5
MERGED from com.google.android.gms:play-services:6.1.71:15:5
MERGED from com.android.support:support-v4:21.0.0:15:5
MERGED from com.android.support:appcompat-v7:21.0.0:15:5
MERGED from com.android.support:support-v4:21.0.0:15:5
MERGED from com.android.support:support-v4:21.0.0:15:5
	android:targetSdkVersion
		INJECTED from AndroidManifest.xml:0:0
		INJECTED from AndroidManifest.xml:0:0
	android:minSdkVersion
		INJECTED from AndroidManifest.xml:0:0
		INJECTED from AndroidManifest.xml:0:0
uses-permission#android.permission.BATTERY_STATS
ADDED from MySpeedTest:mobilyzer:unspecified:10:5
	android:name
		ADDED from MySpeedTest:mobilyzer:unspecified:10:22
uses-permission#android.permission.READ_PHONE_STATE
ADDED from MySpeedTest:mobilyzer:unspecified:12:5
	android:name
		ADDED from MySpeedTest:mobilyzer:unspecified:12:22
uses-permission#android.permission.ACCESS_COARSE_LOCATION
ADDED from MySpeedTest:mobilyzer:unspecified:13:5
	android:name
		ADDED from MySpeedTest:mobilyzer:unspecified:13:22
uses-permission#android.permission.ACCESS_WIFI_STATE
ADDED from MySpeedTest:mobilyzer:unspecified:15:5
	android:name
		ADDED from MySpeedTest:mobilyzer:unspecified:15:22
permission#com.mobilyzer.permission.C2D_MESSAGE
ADDED from MySpeedTest:mobilyzer:unspecified:18:5
	android:protectionLevel
		ADDED from MySpeedTest:mobilyzer:unspecified:20:9
	android:name
		ADDED from MySpeedTest:mobilyzer:unspecified:19:9
uses-permission#com.mobilyzer.permission.C2D_MESSAGE
ADDED from MySpeedTest:mobilyzer:unspecified:22:5
	android:name
		ADDED from MySpeedTest:mobilyzer:unspecified:22:22
uses-permission#com.google.android.c2dm.permission.RECEIVE
ADDED from MySpeedTest:mobilyzer:unspecified:25:5
	android:name
		ADDED from MySpeedTest:mobilyzer:unspecified:25:22
meta-data#com.google.android.gms.version
ADDED from MySpeedTest:mobilyzer:unspecified:28:9
	android:value
		ADDED from MySpeedTest:mobilyzer:unspecified:30:13
	android:name
		ADDED from MySpeedTest:mobilyzer:unspecified:29:13
service#com.mobilyzer.MeasurementScheduler
ADDED from MySpeedTest:mobilyzer:unspecified:32:9
	android:name
		ADDED from MySpeedTest:mobilyzer:unspecified:32:18
intent-filter#com.mobilyzer.MeasurementScheduler
ADDED from MySpeedTest:mobilyzer:unspecified:33:13
	android:priority
		ADDED from MySpeedTest:mobilyzer:unspecified:33:28
action#com.mobilyzer.MeasurementScheduler
ADDED from MySpeedTest:mobilyzer:unspecified:34:17
	android:name
		ADDED from MySpeedTest:mobilyzer:unspecified:34:25
receiver#com.mobilyzer.gcm.GcmBroadcastReceiver
ADDED from MySpeedTest:mobilyzer:unspecified:45:9
	android:permission
		ADDED from MySpeedTest:mobilyzer:unspecified:47:13
	android:name
		ADDED from MySpeedTest:mobilyzer:unspecified:46:13
intent-filter#com.google.android.c2dm.intent.RECEIVE+com.google.android.c2dm.intent.REGISTRATION+com.mobilyzer
ADDED from MySpeedTest:mobilyzer:unspecified:48:13
action#com.google.android.c2dm.intent.RECEIVE
ADDED from MySpeedTest:mobilyzer:unspecified:49:17
	android:name
		ADDED from MySpeedTest:mobilyzer:unspecified:49:25
action#com.google.android.c2dm.intent.REGISTRATION
ADDED from MySpeedTest:mobilyzer:unspecified:50:17
	android:name
		ADDED from MySpeedTest:mobilyzer:unspecified:50:25
category#com.mobilyzer
ADDED from MySpeedTest:mobilyzer:unspecified:52:17
	android:name
		ADDED from MySpeedTest:mobilyzer:unspecified:52:27
service#com.mobilyzer.gcm.GcmIntentService
ADDED from MySpeedTest:mobilyzer:unspecified:56:9
	android:name
		ADDED from MySpeedTest:mobilyzer:unspecified:56:18
service#com.mobilyzer.PLTExecutorService
ADDED from MySpeedTest:mobilyzer:unspecified:57:9
	android:name
		ADDED from MySpeedTest:mobilyzer:unspecified:57:18
android:uses-permission#android.permission.READ_EXTERNAL_STORAGE
IMPLIED from AndroidManifest.xml:2:1 reason: com.mobilyzer requested WRITE_EXTERNAL_STORAGE